<?xml version="1.0" encoding="UTF-8"?>
<!-- Generated by org.testng.reporters.JUnitReportReporter -->
<testsuite skipped="0" hostname="eppspc7" name="com.epps.common.constant.TestClass" tests="2" failures="0" timestamp="30 Nov 2016 10:20:29 GMT" time="48.207" errors="2">
  <testcase name="tearDown" time="0.000" classname="com.epps.common.constant.TestClass">
    <error type="java.lang.NullPointerException">
      <![CDATA[java.lang.NullPointerException
	at com.epps.common.constant.TestClass.tearDown(TestClass.java:77)
	at sun.reflect.NativeMethodAccessorImpl.invoke0(Native Method)
	at sun.reflect.NativeMethodAccessorImpl.invoke(Unknown Source)
	at sun.reflect.DelegatingMethodAccessorImpl.invoke(Unknown Source)
	at java.lang.reflect.Method.invoke(Unknown Source)
	at org.testng.internal.MethodInvocationHelper.invokeMethod(MethodInvocationHelper.java:100)
	at org.testng.internal.Invoker.invokeConfigurationMethod(Invoker.java:515)
	at org.testng.internal.Invoker.invokeConfigurations(Invoker.java:216)
	at org.testng.internal.Invoker.invokeMethod(Invoker.java:712)
	at org.testng.internal.Invoker.invokeTestMethod(Invoker.java:811)
	at org.testng.internal.Invoker.invokeTestMethods(Invoker.java:1137)
	at org.testng.internal.TestMethodWorker.invokeTestMethods(TestMethodWorker.java:129)
	at org.testng.internal.TestMethodWorker.run(TestMethodWorker.java:112)
	at org.testng.TestRunner.privateRun(TestRunner.java:753)
	at org.testng.TestRunner.run(TestRunner.java:607)
	at org.testng.SuiteRunner.runTest(SuiteRunner.java:368)
	at org.testng.SuiteRunner.runSequentially(SuiteRunner.java:363)
	at org.testng.SuiteRunner.privateRun(SuiteRunner.java:321)
	at org.testng.SuiteRunner.run(SuiteRunner.java:270)
	at org.testng.SuiteRunnerWorker.runSuite(SuiteRunnerWorker.java:52)
	at org.testng.SuiteRunnerWorker.run(SuiteRunnerWorker.java:86)
	at org.testng.TestNG.runSuitesSequentially(TestNG.java:1284)
	at org.testng.TestNG.runSuitesLocally(TestNG.java:1209)
	at org.testng.TestNG.runSuites(TestNG.java:1124)
	at org.testng.TestNG.run(TestNG.java:1096)
	at org.testng.remote.AbstractRemoteTestNG.run(AbstractRemoteTestNG.java:132)
	at org.testng.remote.RemoteTestNG.initAndRun(RemoteTestNG.java:236)
	at org.testng.remote.RemoteTestNG.main(RemoteTestNG.java:81)
]]>
    </error>
  </testcase> <!-- tearDown -->
  <testcase name="captureScreenshot" time="48.207" classname="com.epps.common.constant.TestClass">
    <error type="org.openqa.selenium.WebDriverException" message="Failed to connect to binary FirefoxBinary(C:\Program Files (x86)\Mozilla Firefox\firefox.exe) on port 7055; process output follows: 
nges to installed add-ons
1480501184435	addons.xpi-utils	DEBUG	Updating add-on states
1480501184436	addons.xpi-utils	DEBUG	Writing add-ons list
1480501184440	addons.xpi	DEBUG	Registering manifest for C:\Program Files (x86)\Mozilla Firefox\browser\features\e10srollout@mozilla.org.xpi
1480501184441	addons.xpi	DEBUG	Calling bootstrap method startup on e10srollout@mozilla.org version 1.3
1480501184441	addons.xpi	DEBUG	Registering manifest for C:\Program Files (x86)\Mozilla Firefox\browser\features\firefox@getpocket.com.xpi
1480501184441	addons.xpi	DEBUG	Calling bootstrap method startup on firefox@getpocket.com version 1.0.4
1480501184442	addons.xpi	DEBUG	Registering manifest for C:\Program Files (x86)\Mozilla Firefox\browser\features\webcompat@mozilla.org.xpi
1480501184443	addons.xpi	DEBUG	Calling bootstrap method startup on webcompat@mozilla.org version 1.0
1480501184445	addons.manager	DEBUG	Registering shutdown blocker for XPIProvider
1480501184445	addons.manager	DEBUG	Provider finished startup: XPIProvider
1480501184445	addons.manager	DEBUG	Starting provider: LightweightThemeManager
1480501184445	addons.manager	DEBUG	Registering shutdown blocker for LightweightThemeManager
1480501184446	addons.manager	DEBUG	Provider finished startup: LightweightThemeManager
1480501184446	addons.manager	DEBUG	Starting provider: GMPProvider
1480501184455	addons.manager	DEBUG	Registering shutdown blocker for GMPProvider
1480501184456	addons.manager	DEBUG	Provider finished startup: GMPProvider
1480501184456	addons.manager	DEBUG	Starting provider: PluginProvider
1480501184456	addons.manager	DEBUG	Registering shutdown blocker for PluginProvider
1480501184456	addons.manager	DEBUG	Provider finished startup: PluginProvider
1480501184457	addons.manager	DEBUG	Completed startup sequence
1480501185813	addons.manager	DEBUG	Starting provider: &lt;unnamed-provider&gt;
1480501185813	addons.manager	DEBUG	Registering shutdown blocker for &lt;unnamed-provider&gt;
1480501185813	addons.manager	DEBUG	Provider finished startup: &lt;unnamed-provider&gt;
1480501185816	DeferredSave.extensions.json	DEBUG	Starting write
1480501186073	addons.repository	DEBUG	No addons.json found.
1480501186074	DeferredSave.addons.json	DEBUG	Save changes
1480501186078	DeferredSave.addons.json	DEBUG	Starting timer
1480501186109	addons.manager	DEBUG	Starting provider: PreviousExperimentProvider
1480501186109	addons.manager	DEBUG	Registering shutdown blocker for PreviousExperimentProvider
1480501186111	addons.manager	DEBUG	Provider finished startup: PreviousExperimentProvider
1480501186114	DeferredSave.extensions.json	DEBUG	Write succeeded
1480501186115	addons.xpi-utils	DEBUG	XPI Database saved, setting schema version preference to 17
1480501186139	DeferredSave.addons.json	DEBUG	Starting write
1480501186162	DeferredSave.addons.json	DEBUG	Write succeeded
1480501192271	addons.xpi	DEBUG	Calling bootstrap method shutdown on e10srollout@mozilla.org version 1.3
1480501192271	addons.xpi	DEBUG	Calling bootstrap method shutdown on firefox@getpocket.com version 1.0.4
1480501192272	addons.xpi	DEBUG	Calling bootstrap method shutdown on webcompat@mozilla.org version 1.0
[Child 4964] WARNING: pipe error: 109: file c:/builds/moz2_slave/m-rel-w32-00000000000000000000/build/src/ipc/chromium/src/chrome/common/ipc_channel_win.cc, line 346
1480501192642	addons.manager	DEBUG	shutdown
1480501192643	addons.manager	DEBUG	Calling shutdown blocker for XPIProvider
1480501192643	addons.xpi	DEBUG	shutdown
1480501192643	addons.xpi-utils	DEBUG	shutdown
1480501192643	addons.manager	DEBUG	Calling shutdown blocker for LightweightThemeManager
1480501192644	addons.manager	DEBUG	Calling shutdown blocker for GMPProvider
1480501192647	addons.manager	DEBUG	Calling shutdown blocker for PluginProvider
1480501192647	addons.manager	DEBUG	Calling shutdown blocker for &lt;unnamed-provider&gt;
1480501192650	addons.manager	DEBUG	Calling shutdown blocker for PreviousExperimentProvider
1480501192653	addons.xpi	DEBUG	Notifying XPI shutdown observers
1480501192657	addons.manager	DEBUG	Async provider shutdown done

Build info: version: &#039;2.52.0&#039;, revision: &#039;4c2593c&#039;, time: &#039;2016-02-11 19:06:42&#039;
System info: host: &#039;eppspc7&#039;, ip: &#039;192.168.1.96&#039;, os.name: &#039;Windows 8&#039;, os.arch: &#039;amd64&#039;, os.version: &#039;6.2&#039;, java.version: &#039;1.7.0_45&#039;
Driver info: driver.version: FirefoxDriver">
      <![CDATA[org.openqa.selenium.WebDriverException: Failed to connect to binary FirefoxBinary(C:\Program Files (x86)\Mozilla Firefox\firefox.exe) on port 7055; process output follows: 
nges to installed add-ons
1480501184435	addons.xpi-utils	DEBUG	Updating add-on states
1480501184436	addons.xpi-utils	DEBUG	Writing add-ons list
1480501184440	addons.xpi	DEBUG	Registering manifest for C:\Program Files (x86)\Mozilla Firefox\browser\features\e10srollout@mozilla.org.xpi
1480501184441	addons.xpi	DEBUG	Calling bootstrap method startup on e10srollout@mozilla.org version 1.3
1480501184441	addons.xpi	DEBUG	Registering manifest for C:\Program Files (x86)\Mozilla Firefox\browser\features\firefox@getpocket.com.xpi
1480501184441	addons.xpi	DEBUG	Calling bootstrap method startup on firefox@getpocket.com version 1.0.4
1480501184442	addons.xpi	DEBUG	Registering manifest for C:\Program Files (x86)\Mozilla Firefox\browser\features\webcompat@mozilla.org.xpi
1480501184443	addons.xpi	DEBUG	Calling bootstrap method startup on webcompat@mozilla.org version 1.0
1480501184445	addons.manager	DEBUG	Registering shutdown blocker for XPIProvider
1480501184445	addons.manager	DEBUG	Provider finished startup: XPIProvider
1480501184445	addons.manager	DEBUG	Starting provider: LightweightThemeManager
1480501184445	addons.manager	DEBUG	Registering shutdown blocker for LightweightThemeManager
1480501184446	addons.manager	DEBUG	Provider finished startup: LightweightThemeManager
1480501184446	addons.manager	DEBUG	Starting provider: GMPProvider
1480501184455	addons.manager	DEBUG	Registering shutdown blocker for GMPProvider
1480501184456	addons.manager	DEBUG	Provider finished startup: GMPProvider
1480501184456	addons.manager	DEBUG	Starting provider: PluginProvider
1480501184456	addons.manager	DEBUG	Registering shutdown blocker for PluginProvider
1480501184456	addons.manager	DEBUG	Provider finished startup: PluginProvider
1480501184457	addons.manager	DEBUG	Completed startup sequence
1480501185813	addons.manager	DEBUG	Starting provider: <unnamed-provider>
1480501185813	addons.manager	DEBUG	Registering shutdown blocker for <unnamed-provider>
1480501185813	addons.manager	DEBUG	Provider finished startup: <unnamed-provider>
1480501185816	DeferredSave.extensions.json	DEBUG	Starting write
1480501186073	addons.repository	DEBUG	No addons.json found.
1480501186074	DeferredSave.addons.json	DEBUG	Save changes
1480501186078	DeferredSave.addons.json	DEBUG	Starting timer
1480501186109	addons.manager	DEBUG	Starting provider: PreviousExperimentProvider
1480501186109	addons.manager	DEBUG	Registering shutdown blocker for PreviousExperimentProvider
1480501186111	addons.manager	DEBUG	Provider finished startup: PreviousExperimentProvider
1480501186114	DeferredSave.extensions.json	DEBUG	Write succeeded
1480501186115	addons.xpi-utils	DEBUG	XPI Database saved, setting schema version preference to 17
1480501186139	DeferredSave.addons.json	DEBUG	Starting write
1480501186162	DeferredSave.addons.json	DEBUG	Write succeeded
1480501192271	addons.xpi	DEBUG	Calling bootstrap method shutdown on e10srollout@mozilla.org version 1.3
1480501192271	addons.xpi	DEBUG	Calling bootstrap method shutdown on firefox@getpocket.com version 1.0.4
1480501192272	addons.xpi	DEBUG	Calling bootstrap method shutdown on webcompat@mozilla.org version 1.0
[Child 4964] WARNING: pipe error: 109: file c:/builds/moz2_slave/m-rel-w32-00000000000000000000/build/src/ipc/chromium/src/chrome/common/ipc_channel_win.cc, line 346
1480501192642	addons.manager	DEBUG	shutdown
1480501192643	addons.manager	DEBUG	Calling shutdown blocker for XPIProvider
1480501192643	addons.xpi	DEBUG	shutdown
1480501192643	addons.xpi-utils	DEBUG	shutdown
1480501192643	addons.manager	DEBUG	Calling shutdown blocker for LightweightThemeManager
1480501192644	addons.manager	DEBUG	Calling shutdown blocker for GMPProvider
1480501192647	addons.manager	DEBUG	Calling shutdown blocker for PluginProvider
1480501192647	addons.manager	DEBUG	Calling shutdown blocker for <unnamed-provider>
1480501192650	addons.manager	DEBUG	Calling shutdown blocker for PreviousExperimentProvider
1480501192653	addons.xpi	DEBUG	Notifying XPI shutdown observers
1480501192657	addons.manager	DEBUG	Async provider shutdown done

Build info: version: '2.52.0', revision: '4c2593c', time: '2016-02-11 19:06:42'
System info: host: 'eppspc7', ip: '192.168.1.96', os.name: 'Windows 8', os.arch: 'amd64', os.version: '6.2', java.version: '1.7.0_45'
Driver info: driver.version: FirefoxDriver
	at org.openqa.selenium.firefox.internal.NewProfileExtensionConnection.start(NewProfileExtensionConnection.java:124)
	at org.openqa.selenium.firefox.FirefoxDriver.startClient(FirefoxDriver.java:271)
	at org.openqa.selenium.remote.RemoteWebDriver.<init>(RemoteWebDriver.java:119)
	at org.openqa.selenium.firefox.FirefoxDriver.<init>(FirefoxDriver.java:218)
	at org.openqa.selenium.firefox.FirefoxDriver.<init>(FirefoxDriver.java:211)
	at org.openqa.selenium.firefox.FirefoxDriver.<init>(FirefoxDriver.java:207)
	at org.openqa.selenium.firefox.FirefoxDriver.<init>(FirefoxDriver.java:120)
	at com.epps.common.constant.TestClass.captureScreenshot(TestClass.java:27)
	at sun.reflect.NativeMethodAccessorImpl.invoke0(Native Method)
	at sun.reflect.NativeMethodAccessorImpl.invoke(Unknown Source)
	at sun.reflect.DelegatingMethodAccessorImpl.invoke(Unknown Source)
	at java.lang.reflect.Method.invoke(Unknown Source)
	at org.testng.internal.MethodInvocationHelper.invokeMethod(MethodInvocationHelper.java:100)
	at org.testng.internal.Invoker.invokeMethod(Invoker.java:646)
	at org.testng.internal.Invoker.invokeTestMethod(Invoker.java:811)
	at org.testng.internal.Invoker.invokeTestMethods(Invoker.java:1137)
	at org.testng.internal.TestMethodWorker.invokeTestMethods(TestMethodWorker.java:129)
	at org.testng.internal.TestMethodWorker.run(TestMethodWorker.java:112)
	at org.testng.TestRunner.privateRun(TestRunner.java:753)
	at org.testng.TestRunner.run(TestRunner.java:607)
	at org.testng.SuiteRunner.runTest(SuiteRunner.java:368)
	at org.testng.SuiteRunner.runSequentially(SuiteRunner.java:363)
	at org.testng.SuiteRunner.privateRun(SuiteRunner.java:321)
	at org.testng.SuiteRunner.run(SuiteRunner.java:270)
	at org.testng.SuiteRunnerWorker.runSuite(SuiteRunnerWorker.java:52)
	at org.testng.SuiteRunnerWorker.run(SuiteRunnerWorker.java:86)
	at org.testng.TestNG.runSuitesSequentially(TestNG.java:1284)
	at org.testng.TestNG.runSuitesLocally(TestNG.java:1209)
	at org.testng.TestNG.runSuites(TestNG.java:1124)
	at org.testng.TestNG.run(TestNG.java:1096)
	at org.testng.remote.AbstractRemoteTestNG.run(AbstractRemoteTestNG.java:132)
	at org.testng.remote.RemoteTestNG.initAndRun(RemoteTestNG.java:236)
	at org.testng.remote.RemoteTestNG.main(RemoteTestNG.java:81)
Caused by: org.openqa.selenium.firefox.NotConnectedException: Unable to connect to host 127.0.0.1 on port 7055 after 45000 ms. Firefox console output:
nges to installed add-ons
1480501184435	addons.xpi-utils	DEBUG	Updating add-on states
1480501184436	addons.xpi-utils	DEBUG	Writing add-ons list
1480501184440	addons.xpi	DEBUG	Registering manifest for C:\Program Files (x86)\Mozilla Firefox\browser\features\e10srollout@mozilla.org.xpi
1480501184441	addons.xpi	DEBUG	Calling bootstrap method startup on e10srollout@mozilla.org version 1.3
1480501184441	addons.xpi	DEBUG	Registering manifest for C:\Program Files (x86)\Mozilla Firefox\browser\features\firefox@getpocket.com.xpi
1480501184441	addons.xpi	DEBUG	Calling bootstrap method startup on firefox@getpocket.com version 1.0.4
1480501184442	addons.xpi	DEBUG	Registering manifest for C:\Program Files (x86)\Mozilla Firefox\browser\features\webcompat@mozilla.org.xpi
1480501184443	addons.xpi	DEBUG	Calling bootstrap method startup on webcompat@mozilla.org version 1.0
1480501184445	addons.manager	DEBUG	Registering shutdown blocker for XPIProvider
1480501184445	addons.manager	DEBUG	Provider finished startup: XPIProvider
1480501184445	addons.manager	DEBUG	Starting provider: LightweightThemeManager
1480501184445	addons.manager	DEBUG	Registering shutdown blocker for LightweightThemeManager
1480501184446	addons.manager	DEBUG	Provider finished startup: LightweightThemeManager
1480501184446	addons.manager	DEBUG	Starting provider: GMPProvider
1480501184455	addons.manager	DEBUG	Registering shutdown blocker for GMPProvider
1480501184456	addons.manager	DEBUG	Provider finished startup: GMPProvider
1480501184456	addons.manager	DEBUG	Starting provider: PluginProvider
1480501184456	addons.manager	DEBUG	Registering shutdown blocker for PluginProvider
1480501184456	addons.manager	DEBUG	Provider finished startup: PluginProvider
1480501184457	addons.manager	DEBUG	Completed startup sequence
1480501185813	addons.manager	DEBUG	Starting provider: <unnamed-provider>
1480501185813	addons.manager	DEBUG	Registering shutdown blocker for <unnamed-provider>
1480501185813	addons.manager	DEBUG	Provider finished startup: <unnamed-provider>
1480501185816	DeferredSave.extensions.json	DEBUG	Starting write
1480501186073	addons.repository	DEBUG	No addons.json found.
1480501186074	DeferredSave.addons.json	DEBUG	Save changes
1480501186078	DeferredSave.addons.json	DEBUG	Starting timer
1480501186109	addons.manager	DEBUG	Starting provider: PreviousExperimentProvider
1480501186109	addons.manager	DEBUG	Registering shutdown blocker for PreviousExperimentProvider
1480501186111	addons.manager	DEBUG	Provider finished startup: PreviousExperimentProvider
1480501186114	DeferredSave.extensions.json	DEBUG	Write succeeded
1480501186115	addons.xpi-utils	DEBUG	XPI Database saved, setting schema version preference to 17
1480501186139	DeferredSave.addons.json	DEBUG	Starting write
1480501186162	DeferredSave.addons.json	DEBUG	Write succeeded
1480501192271	addons.xpi	DEBUG	Calling bootstrap method shutdown on e10srollout@mozilla.org version 1.3
1480501192271	addons.xpi	DEBUG	Calling bootstrap method shutdown on firefox@getpocket.com version 1.0.4
1480501192272	addons.xpi	DEBUG	Calling bootstrap method shutdown on webcompat@mozilla.org version 1.0
[Child 4964] WARNING: pipe error: 109: file c:/builds/moz2_slave/m-rel-w32-00000000000000000000/build/src/ipc/chromium/src/chrome/common/ipc_channel_win.cc, line 346
1480501192642	addons.manager	DEBUG	shutdown
1480501192643	addons.manager	DEBUG	Calling shutdown blocker for XPIProvider
1480501192643	addons.xpi	DEBUG	shutdown
1480501192643	addons.xpi-utils	DEBUG	shutdown
1480501192643	addons.manager	DEBUG	Calling shutdown blocker for LightweightThemeManager
1480501192644	addons.manager	DEBUG	Calling shutdown blocker for GMPProvider
1480501192647	addons.manager	DEBUG	Calling shutdown blocker for PluginProvider
1480501192647	addons.manager	DEBUG	Calling shutdown blocker for <unnamed-provider>
1480501192650	addons.manager	DEBUG	Calling shutdown blocker for PreviousExperimentProvider
1480501192653	addons.xpi	DEBUG	Notifying XPI shutdown observers
1480501192657	addons.manager	DEBUG	Async provider shutdown done

	at org.openqa.selenium.firefox.internal.NewProfileExtensionConnection.start(NewProfileExtensionConnection.java:112)
	... 32 more
]]>
    </error>
  </testcase> <!-- captureScreenshot -->
</testsuite> <!-- com.epps.common.constant.TestClass -->
