<?xml version="1.0" encoding="UTF-8"?>
<!-- Generated by org.testng.reporters.JUnitReportReporter -->
<testsuite skipped="0" hostname="EI-HO-QA-PC02" name="com.epps.adminUpload.test.TestClass" tests="1" failures="0" timestamp="10 Oct 2019 09:07:38 GMT" time="0.000" errors="0">
  <testcase name="nameCrate" time="0.000" classname="com.epps.adminUpload.test.TestClass"/>
</testsuite> <!-- com.epps.adminUpload.test.TestClass -->
