<?xml version="1.0" encoding="UTF-8"?>
<!-- Generated by org.testng.reporters.JUnitReportReporter -->
<testsuite hostname="eppspc29" name="com.epps.sdms.test.SORFDSalesInvoiceCycle" tests="1" failures="0" timestamp="4 Jul 2016 08:03:25 GMT" time="40.899" errors="0">
  <testcase name="testSalesInvoice" time="40.899" classname="com.epps.sdms.test.SORFDSalesInvoiceCycle"/>
</testsuite> <!-- com.epps.sdms.test.SORFDSalesInvoiceCycle -->
