<?xml version="1.0" encoding="UTF-8"?>
<!-- Generated by org.testng.reporters.JUnitReportReporter -->
<testsuite hostname="eppspc29" name="com.epps.mms.test.TestPOInwardGRN" tests="3" failures="0" timestamp="6 Jul 2016 06:39:39 GMT" time="151.290" errors="0">
  <testcase name="testInward" time="34.650" classname="com.epps.mms.test.TestPOInwardGRN"/>
  <testcase name="testPurchaseOrder" time="65.376" classname="com.epps.mms.test.TestPOInwardGRN"/>
  <testcase name="testGoodsReceiptNote" time="51.264" classname="com.epps.mms.test.TestPOInwardGRN"/>
</testsuite> <!-- com.epps.mms.test.TestPOInwardGRN -->
