<?xml version="1.0" encoding="UTF-8"?>
<!-- Generated by org.testng.reporters.JUnitReportReporter -->
<testsuite hostname="eppspc26" name="com.epps.sdms.test.SalesOrderNegativeTest" tests="1" failures="0" timestamp="30 May 2016 07:27:19 GMT" time="38.182" errors="0">
  <testcase name="testSalesOrder" time="38.182" classname="com.epps.sdms.test.SalesOrderNegativeTest"/>
</testsuite> <!-- com.epps.sdms.test.SalesOrderNegativeTest -->
