<?xml version="1.0" encoding="UTF-8"?>
<!-- Generated by org.testng.reporters.JUnitReportReporter -->
<testsuite name="com.epps.fas.test.TestAproveCustomerMaster" tests="2" failures="0" timestamp="8 Mar 2016 09:05:50 GMT" time="36.284" errors="0">
  <testcase name="testClearApproveCustomer" time="14.745" classname="com.epps.fas.test.TestAproveCustomerMaster"/>
  <testcase name="testUpdateApproveCustomer" time="21.539" classname="com.epps.fas.test.TestAproveCustomerMaster"/>
</testsuite> <!-- com.epps.fas.test.TestAproveCustomerMaster -->
